<?xml version="1.0" encoding="UTF-8"?>
<testng-results ignored="0" total="1" passed="1" failed="0" skipped="0">
  <reporter-output>
  </reporter-output>
  <suite started-at="2021-03-17T18:18:46 EDT" name="Default suite" finished-at="2021-03-17T18:18:47 EDT" duration-ms="896">
    <groups>
      <group name="cucumber">
        <method signature="AbstractTestNGCucumberTests.runScenario(io.cucumber.testng.PickleWrapper, io.cucumber.testng.FeatureWrapper)[pri:0, instance:com.feature.runner.Runner@1f97cf0d]" name="runScenario" class="io.cucumber.testng.AbstractTestNGCucumberTests"/>
      </group> <!-- cucumber -->
    </groups>
    <test started-at="2021-03-17T18:18:46 EDT" name="Default test" finished-at="2021-03-17T18:18:47 EDT" duration-ms="896">
      <class name="com.feature.runner.Runner">
        <test-method is-config="true" signature="setUpClass()[pri:0, instance:com.feature.runner.Runner@1f97cf0d]" started-at="2021-03-17T18:18:46 EDT" name="setUpClass" finished-at="2021-03-17T18:18:46 EDT" duration-ms="494" status="PASS">
          <reporter-output>
          </reporter-output>
        </test-method> <!-- setUpClass -->
        <test-method signature="runScenario(io.cucumber.testng.PickleWrapper, io.cucumber.testng.FeatureWrapper)[pri:0, instance:com.feature.runner.Runner@1f97cf0d]" started-at="2021-03-17T18:18:46 EDT" name="runScenario" description="Runs Cucumber Scenarios" data-provider="scenarios" finished-at="2021-03-17T18:18:47 EDT" duration-ms="227" status="PASS">
          <params>
            <param index="0">
              <value>
                <![CDATA["Login to rediff money"]]>
              </value>
            </param>
            <param index="1">
              <value>
                <![CDATA["Optional[Logging into rediff money]"]]>
              </value>
            </param>
          </params>
          <reporter-output>
          </reporter-output>
        </test-method> <!-- runScenario -->
        <test-method is-config="true" signature="tearDownClass()[pri:0, instance:com.feature.runner.Runner@1f97cf0d]" started-at="2021-03-17T18:18:47 EDT" name="tearDownClass" finished-at="2021-03-17T18:18:47 EDT" duration-ms="127" status="PASS">
          <reporter-output>
          </reporter-output>
        </test-method> <!-- tearDownClass -->
      </class> <!-- com.feature.runner.Runner -->
    </test> <!-- Default test -->
  </suite> <!-- Default suite -->
</testng-results>
