<?xml version="1.0" encoding="UTF-8"?>
<testng-results ignored="0" total="1" passed="1" failed="0" skipped="0">
  <reporter-output>
  </reporter-output>
  <suite started-at="2021-03-18T14:42:26 EDT" name="BDD Test" finished-at="2021-03-18T14:42:27 EDT" duration-ms="1021">
    <groups>
      <group name="cucumber">
        <method signature="AbstractTestNGCucumberTests.runScenario(io.cucumber.testng.PickleWrapper, io.cucumber.testng.FeatureWrapper)[pri:0, instance:com.feature.login.RunnerTestTestNG@2cd2a21f]" name="runScenario" class="io.cucumber.testng.AbstractTestNGCucumberTests"/>
      </group> <!-- cucumber -->
    </groups>
    <test started-at="2021-03-18T14:42:26 EDT" name="Login Redif Money" finished-at="2021-03-18T14:42:27 EDT" duration-ms="1021">
      <class name="com.feature.login.RunnerTestTestNG">
        <test-method is-config="true" signature="setUpClass()[pri:0, instance:com.feature.login.RunnerTestTestNG@2cd2a21f]" started-at="2021-03-18T14:42:26 EDT" name="setUpClass" finished-at="2021-03-18T14:42:27 EDT" duration-ms="591" status="PASS">
          <reporter-output>
          </reporter-output>
        </test-method> <!-- setUpClass -->
        <test-method signature="runScenario(io.cucumber.testng.PickleWrapper, io.cucumber.testng.FeatureWrapper)[pri:0, instance:com.feature.login.RunnerTestTestNG@2cd2a21f]" started-at="2021-03-18T14:42:27 EDT" name="runScenario" description="Runs Cucumber Scenarios" data-provider="scenarios" finished-at="2021-03-18T14:42:27 EDT" duration-ms="244" status="PASS">
          <params>
            <param index="0">
              <value>
                <![CDATA["Login to rediff money"]]>
              </value>
            </param>
            <param index="1">
              <value>
                <![CDATA["Optional[Logging into rediff money]"]]>
              </value>
            </param>
          </params>
          <reporter-output>
          </reporter-output>
        </test-method> <!-- runScenario -->
        <test-method is-config="true" signature="tearDownClass()[pri:0, instance:com.feature.login.RunnerTestTestNG@2cd2a21f]" started-at="2021-03-18T14:42:27 EDT" name="tearDownClass" finished-at="2021-03-18T14:42:27 EDT" duration-ms="139" status="PASS">
          <reporter-output>
          </reporter-output>
        </test-method> <!-- tearDownClass -->
      </class> <!-- com.feature.login.RunnerTestTestNG -->
    </test> <!-- Login Redif Money -->
  </suite> <!-- BDD Test -->
</testng-results>
